     1                                  bits 32 ; assembling for the 32 bits architecture
     2                                  
     3                                  ; declare the EntryPoint (a label defining the very first instruction of the program)
     4                                  global start        
     5                                  
     6                                  ; declare external functions needed by our program
     7                                  extern exit               ; tell nasm that exit exists even if we won't be defining it
     8                                  import exit msvcrt.dll    ; exit is a function that ends the calling process. It is defined in msvcrt.dll
     9                                                            ; msvcrt.dll contains exit, printf and all the other important C-runtime specific functions
    10                                  
    11                                  ; our data is declared here (the variables needed by our program)
    12                                  segment data use32 class=data
    13                                      ; ...
    14                                  
    15                                  ; our code starts here
    16                                  segment code use32 class=code
    17                                      start:
    18                                        ;and
    19                                        ;or
    20                                        ;xor 0101 xor 0101 0
    21                                        ;not
    22 00000000 66B80000                      mov ax,0
    23 00000004 66C1E040                      shl ax,64
    24 00000008 66C1F840                      sar ax,64
    25 0000000C 66C1E840                      shr ax,64
    26 00000010 6683E000                      and ax,0
    27 00000014 6631C0                        xor ax,ax
    28 00000017 6619C0                        sbb ax,ax
    29                                        
    30 0000001A 6A00                            push    dword 0      ; push the parameter for exit onto the stack
    31 0000001C FF15[00000000]                  call    [exit]       ; call exit to terminate the program
