     1                                  bits 32 ; assembling for the 32 bits architecture
     2                                  
     3                                  ; declare the EntryPoint (a label defining the very first instruction of the program)
     4                                  global start        
     5                                  
     6                                  ; declare external functions needed by our program
     7                                  extern exit               ; tell nasm that exit exists even if we won't be defining it
     8                                  import exit msvcrt.dll    ; exit is a function that ends the calling process. It is defined in msvcrt.dll
     9                                                            ; msvcrt.dll contains exit, printf and all the other important C-runtime specific functions
    10                                  
    11                                  ; our data is declared here (the variables needed by our program)
    12                                  segment data use32 class=data
    13 00000000 0A141E                     a db 10,20,30
    14 00000003 3412000000000000           another_variable dq 0x1234
    15 0000000B 0A000000                   b dd 10
    16                                  
    17                                  ; our code starts here
    18                                  segment code use32 class=code
    19                                      start:
    20                                      
    21 00000000 B0FF                            mov al,255
    22 00000002 6698                            cbw
    23 00000004 6699                            cwd
    24                                         
    25 00000006 6601C2                          add dx,ax
    26                                          
    27                                          
    28                                          
    29                                          ; exit(0)
    30 00000009 6A00                            push    dword 0      ; push the parameter for exit onto the stack
    31 0000000B FF15[00000000]                  call    [exit]       ; call exit to terminate the program
