     1                                  bits 32 ; assembling for the 32 bits architecture
     2                                  ;unsgined
     3                                  ; declare the EntryPoint (a label defining the very first instruction of the program)
     4                                  global start        
     5                                  
     6                                  ; declare external functions needed by our program
     7                                  extern exit               ; tell nasm that exit exists even if we won't be defining it
     8                                  import exit msvcrt.dll    ; exit is a function that ends the calling process. It is defined in msvcrt.dll
     9                                                            ; msvcrt.dll contains exit, printf and all the other important C-runtime specific functions
    10                                  
    11                                  ; our data is declared here (the variables needed by our program)
    12                                  segment data use32 class=data
    13 00000000 0A00                        a dw 10
    14 00000002 0B00                        c dw 11
    15 00000004 02                          b db 2
    16 00000005 07                          d db 7
    17 00000006 0D000000                    e dd 13
    18 0000000A 0000001000000000            x dq 0x10000000
    19                                      
    20                                  
    21                                  ;16. x/2+100*(a+b)-3/(c+d)+e*e; a,c-word; b,d-byte; e-doubleword; x,y-qword
    22                                  segment code use32 class=code
    23                                      start:
    24 00000000 A1[06000000]                 mov eax,[e]
    25 00000005 F7E0                         mul eax 
    26 00000007 52                           push edx
    27 00000008 50                           push eax
    28                                       ; stack qw e*e
    29 00000009 66B80000                     mov ax,0
    30 0000000D A0[05000000]                 mov al,[d]
    31 00000012 660305[02000000]             add ax,[c];(c+d)
    32 00000019 6689C3                       mov bx,ax;bx<-(c+d)
    33 0000001C 66B80300                     mov ax,3
    34 00000020 66BA0000                     mov dx,0
    35 00000024 66F7F3                       div bx
    36 00000027 6650                         push ax;  3/(c+d) on the stack word
    37                                      ;good to clear eax first
    38 00000029 66B80000                     mov ax,0
    39 0000002D A0[04000000]                 mov al,[b]
    40 00000032 660305[00000000]             add ax,[a]
    41 00000039 66BB6400                     mov bx,100
    42 0000003D 66F7E3                       mul bx;100*(a+b)
    43 00000040 6652                         push dx
    44 00000042 6650                         push ax;100*(a+b) stack dd
    45 00000044 A1[05000000]                 mov eax ,[d]
    46 00000049 8B15[09000000]               mov edx,[d+4]
    47 0000004F BB02000000                   mov ebx,2
    48 00000054 F7F3                         div ebx;eax
    49 00000056 5B                           pop ebx
    50 00000057 01D8                         add eax,ebx
    51 00000059 BB00000000                   mov ebx,0
    52 0000005E 665B                         pop bx
    53 00000060 29D8                         sub eax,ebx
    54 00000062 BA00000000                   mov edx,0
    55 00000067 5B                           pop ebx ;eax
    56 00000068 59                           pop ecx ;edx
    57 00000069 01D8                         add eax,ebx
    58 0000006B 11CA                         adc edx,ecx
    59                                       
    60                                       
    61                                       
    62                                       
    63                                       
    64                                    
    65                                       
    66                                       
    67                                       
    68                                       
    69                                       
    70                                      
    71                                          
    72 0000006D 6A00                            push    dword 0      ; push the parameter for exit onto the stack
    73 0000006F FF15[00000000]                  call    [exit]       ; call exit to terminate the program
